<?xml version="1.0" ?>
<testsuite errors="2" failures="0" name="pinktest.skelvertex.skelvertex" tests="2" time="0.000">
	<testcase classname="pinktest.skelvertex.skelvertex" name="test_0" time="0.000">
		<error message="'module' object has no attribute 'skelvertex'" type="AttributeError">
<![CDATA[Traceback (most recent call last):
  File "/home/ujoimro/doc/projects/pink/pink-svn/python/pinktest/skelvertex.py", line 26, in test_0
    result = pink.cpp.skelvertex( pink.cpp.readimage( IMAGES + '/2dskel/s2skel4.skel' ), 5)
AttributeError: 'module' object has no attribute 'skelvertex'
]]>		</error>
	</testcase>
	<testcase classname="pinktest.skelvertex.skelvertex" name="test_1" time="0.000">
		<error message="'module' object has no attribute 'skelvertex'" type="AttributeError">
<![CDATA[Traceback (most recent call last):
  File "/home/ujoimro/doc/projects/pink/pink-svn/python/pinktest/skelvertex.py", line 32, in test_1
    result = pink.cpp.skelvertex( pink.cpp.readimage( IMAGES + '/3dskel/s3skel6.skel' ), 5)
AttributeError: 'module' object has no attribute 'skelvertex'
]]>		</error>
	</testcase>
	<system-out>
<![CDATA[]]>	</system-out>
	<system-err>
<![CDATA[]]>	</system-err>
</testsuite>
