<?xml version="1.0" ?>
<testsuite errors="1" failures="0" name="pinktest.rotatebin.rotatebin" tests="1" time="0.000">
	<testcase classname="pinktest.rotatebin.rotatebin" name="test_0" time="0.000">
		<error message="'module' object has no attribute 'rotatebin'" type="AttributeError">
<![CDATA[Traceback (most recent call last):
  File "/home/ujoimro/doc/projects/pink/pink-svn/python/pinktest/rotatebin.py", line 26, in test_0
    result = pink.cpp.rotatebin( pink.cpp.readimage( IMAGES + '/2dbyte/binary/b2_se_5_7.pgm' ), 25)
AttributeError: 'module' object has no attribute 'rotatebin'
]]>		</error>
	</testcase>
	<system-out>
<![CDATA[]]>	</system-out>
	<system-err>
<![CDATA[]]>	</system-err>
</testsuite>
