<?xml version="1.0" ?>
<testsuite errors="2" failures="0" name="pinktest.drawspline.drawspline" tests="2" time="0.000">
	<testcase classname="pinktest.drawspline.drawspline" name="test_0" time="0.000">
		<error message="'module' object has no attribute 'drawspline'" type="AttributeError">
<![CDATA[Traceback (most recent call last):
  File "/home/ujoimro/doc/projects/pink/pink-svn/python/pinktest/drawspline.py", line 26, in test_0
    result = pink.cpp.drawspline( pink.cpp.readimage( IMAGES + '/2dbyte/binary/b2empty_30_40.pgm' ), pink.cpp.readimage( IMAGES + '/2dlist/binary/l2spline1.spline' ))
AttributeError: 'module' object has no attribute 'drawspline'
]]>		</error>
	</testcase>
	<testcase classname="pinktest.drawspline.drawspline" name="test_1" time="0.000">
		<error message="'module' object has no attribute 'drawspline'" type="AttributeError">
<![CDATA[Traceback (most recent call last):
  File "/home/ujoimro/doc/projects/pink/pink-svn/python/pinktest/drawspline.py", line 32, in test_1
    result = pink.cpp.drawspline( pink.cpp.readimage( IMAGES + '/3dbyte/binary/b3empty_20_30_40.pgm' ), pink.cpp.readimage( IMAGES + '/3dlist/binary/l3spline1.spline' ))
AttributeError: 'module' object has no attribute 'drawspline'
]]>		</error>
	</testcase>
	<system-out>
<![CDATA[]]>	</system-out>
	<system-err>
<![CDATA[]]>	</system-err>
</testsuite>
